Using pre-set license
Built from '2021.3/china_unity/release' branch; Version is '2021.3.19f1c1 (b8e3cea1e9d3) revision 12116942'; Using compiler version '192829333'; Build Type 'Release'
OS: 'Windows 11  (10.0.22000) 64bit CoreCountrySpecific' Language: 'zh' Physical Memory: 14204 MB
BatchMode: 1, IsHumanControllingUs: 0, StartBugReporterOnCrash: 0, Is64bit: 1, IsPro: 1

COMMAND LINE ARGUMENTS:
F:\unity\2021.3.19f1c1\Editor\Unity.exe
-adb2
-batchMode
-noUpm
-name
AssetImportWorker4
-projectPath
F:/unity/Te
-logFile
Logs/AssetImportWorker4.log
-srvPort
53619
Successfully changed project path to: F:/unity/Te
F:/unity/Te
[UnityMemory] Configuration Parameters - Can be set up in boot.config
    "memorysetup-bucket-allocator-granularity=16"
    "memorysetup-bucket-allocator-bucket-count=8"
    "memorysetup-bucket-allocator-block-size=33554432"
    "memorysetup-bucket-allocator-block-count=8"
    "memorysetup-main-allocator-block-size=16777216"
    "memorysetup-thread-allocator-block-size=16777216"
    "memorysetup-gfx-main-allocator-block-size=16777216"
    "memorysetup-gfx-thread-allocator-block-size=16777216"
    "memorysetup-cache-allocator-block-size=4194304"
    "memorysetup-typetree-allocator-block-size=2097152"
    "memorysetup-profiler-bucket-allocator-granularity=16"
    "memorysetup-profiler-bucket-allocator-bucket-count=8"
    "memorysetup-profiler-bucket-allocator-block-size=33554432"
    "memorysetup-profiler-bucket-allocator-block-count=8"
    "memorysetup-profiler-allocator-block-size=16777216"
    "memorysetup-profiler-editor-allocator-block-size=1048576"
    "memorysetup-temp-allocator-size-main=16777216"
    "memorysetup-job-temp-allocator-block-size=2097152"
    "memorysetup-job-temp-allocator-block-size-background=1048576"
    "memorysetup-job-temp-allocator-reduction-small-platforms=262144"
    "memorysetup-temp-allocator-size-background-worker=32768"
    "memorysetup-temp-allocator-size-job-worker=262144"
    "memorysetup-temp-allocator-size-preload-manager=33554432"
    "memorysetup-temp-allocator-size-nav-mesh-worker=65536"
    "memorysetup-temp-allocator-size-audio-worker=65536"
    "memorysetup-temp-allocator-size-cloud-worker=32768"
    "memorysetup-temp-allocator-size-gi-baking-worker=262144"
    "memorysetup-temp-allocator-size-gfx=262144"
Player connection [43892] Host "[IP] 10.132.163.56 [Port] 0 [Flags] 2 [Guid] 2686800797 [EditorId] 2686800797 [Version] 1048832 [Id] WindowsEditor(7,LAPTOP-6VP5VU60) [Debug] 1 [PackageName] WindowsEditor [ProjectName] Editor" joined multi-casting on [225.0.0.222:54997]...

Player connection [43892] Host "[IP] 10.132.163.56 [Port] 0 [Flags] 2 [Guid] 2686800797 [EditorId] 2686800797 [Version] 1048832 [Id] WindowsEditor(7,LAPTOP-6VP5VU60) [Debug] 1 [PackageName] WindowsEditor [ProjectName] Editor" joined alternative multi-casting on [225.0.0.222:34997]...

AS: AutoStreaming module initializing.
Refreshing native plugins compatible for Editor in 146.52 ms, found 5 plugins.
Preloading 0 native plugins for Editor in 0.00 ms.
Initialize engine version: 2021.3.19f1c1 (b8e3cea1e9d3)
[Subsystems] Discovering subsystems at path F:/unity/2021.3.19f1c1/Editor/Data/Resources/UnitySubsystems
[Subsystems] Discovering subsystems at path F:/unity/Te/Assets
GfxDevice: creating device client; threaded=0; jobified=0
Direct3D:
    Version:  Direct3D 11.0 [level 11.1]
    Renderer: NVIDIA GeForce GTX 1650 (ID=0x1f9d)
    Vendor:   NVIDIA
    VRAM:     3965 MB
    Driver:   31.0.15.1654
Initialize mono
Mono path[0] = 'F:/unity/2021.3.19f1c1/Editor/Data/Managed'
Mono path[1] = 'F:/unity/2021.3.19f1c1/Editor/Data/MonoBleedingEdge/lib/mono/unityjit-win32'
Mono config path = 'F:/unity/2021.3.19f1c1/Editor/Data/MonoBleedingEdge/etc'
Using monoOptions --debugger-agent=transport=dt_socket,embedding=1,server=y,suspend=n,address=127.0.0.1:56528
Begin MonoManager ReloadAssembly
Registering precompiled unity dll's ...
Register platform support module: F:/unity/2021.3.19f1c1/Editor/Data/PlaybackEngines/AndroidPlayer/UnityEditor.Android.Extensions.dll
Register platform support module: F:/unity/2021.3.19f1c1/Editor/Data/PlaybackEngines/WindowsStandaloneSupport/UnityEditor.WindowsStandalone.Extensions.dll
Registered in 0.002881 seconds.
Native extension for WindowsStandalone target not found
Native extension for Android target not found
Android Extension - Scanning For ADB Devices 360 ms
Refreshing native plugins compatible for Editor in 141.38 ms, found 5 plugins.
Preloading 0 native plugins for Editor in 0.00 ms.
Mono: successfully reloaded assembly
- Completed reload, in  1.074 seconds
Domain Reload Profiling:
	ReloadAssembly (1074ms)
		BeginReloadAssembly (73ms)
			ExecutionOrderSort (0ms)
			DisableScriptedObjects (0ms)
			BackupInstance (0ms)
			ReleaseScriptingObjects (0ms)
			CreateAndSetChildDomain (1ms)
		EndReloadAssembly (886ms)
			LoadAssemblies (70ms)
			RebuildTransferFunctionScriptingTraits (0ms)
			SetupTypeCache (93ms)
			ReleaseScriptCaches (0ms)
			RebuildScriptCaches (30ms)
			SetupLoadedEditorAssemblies (706ms)
				LogAssemblyErrors (0ms)
				InitializePlatformSupportModulesInManaged (428ms)
				SetLoadedEditorAssemblies (0ms)
				RefreshPlugins (141ms)
				BeforeProcessingInitializeOnLoad (1ms)
				ProcessInitializeOnLoadAttributes (87ms)
				ProcessInitializeOnLoadMethodAttributes (48ms)
				AfterProcessingInitializeOnLoad (0ms)
				EditorAssembliesLoaded (0ms)
			ExecutionOrderSort2 (0ms)
			AwakeInstancesAfterBackupRestoration (0ms)
Platform modules already initialized, skipping
Registering precompiled user dll's ...
Registered in 0.024043 seconds.
Begin MonoManager ReloadAssembly
Symbol file LoadedFromMemory doesn't match image F:\unity\Te\Library\PackageCache\com.unity.visualscripting@1.8.0\Editor\VisualScripting.Core\Dependencies\DotNetZip\Unity.VisualScripting.IonicZip.dll
Symbol file LoadedFromMemory doesn't match image F:\unity\Te\Library\PackageCache\com.unity.visualscripting@1.8.0\Editor\VisualScripting.Core\Dependencies\YamlDotNet\Unity.VisualScripting.YamlDotNet.dll
Native extension for WindowsStandalone target not found
Native extension for Android target not found
Refreshing native plugins compatible for Editor in 2.72 ms, found 5 plugins.
Preloading 0 native plugins for Editor in 0.00 ms.
Package Manager log level set to [2]
[ScriptCompilation] NOT recompiling all scripts because this is an import worker process. Reason to compile was: Define symbols changed
[ScriptCompilation] NOT recompiling all scripts because this is an import worker process. Reason to compile was: Define symbols changed

=================================================================
	Native Crash Reporting
=================================================================
Got a UNKNOWN while executing native code. This usually indicates
a fatal error in the mono runtime or one of the native libraries 
used by your application.
=================================================================

=================================================================
	Managed Stacktrace:
=================================================================
	  at <unknown> <0xffffffff>
	  at System.Reflection.RuntimeMethodInfo:GetMethodFromHandleInternalType_native <0x00077>
	  at System.Reflection.RuntimeMethodInfo:GetMethodFromHandleNoGenericCheck <0x0002a>
	  at System.RuntimeType:GetMethodsByName <0x00172>
	  at System.RuntimeType:GetMethodCandidates <0x000ba>
	  at System.RuntimeType:GetMembers <0x000b2>
	  at System.Type:GetMembers <0x0001c>
	  at <>c__DisplayClass30_0:<FindIconAttribute>b__1 <0x00112>
	  at System.Collections.Generic.List`1:ForEach <0x00069>
	  at XCSJ.EditorExtension.XDreamerIconOption:FindIconAttribute <0x00242>
	  at XCSJ.EditorExtension.XDreamerIconOption:CreateIconInfosWithAttribute <0x000a2>
	  at XCSJ.EditorExtension.XDreamerIconOption:CreateIconInfos <0x000d2>
	  at XCSJ.EditorExtension.XDreamerIconOption:CreateIconSet <0x00032>
	  at XCSJ.EditorExtension.XDreamerIconOption:InitIconSetsIfNeed <0x0003a>
	  at XCSJ.EditorExtension.XDreamerIconOption:OnInit <0x00032>
	  at XCSJ.EditorCommonUtils.XDreamerOption:OnInit <0x00055>
	  at PreferenceInfo:Init <0x0005e>
	  at PreferencesInfo:Add <0x001c2>
	  at <>c:<Init>b__26_0 <0x000aa>
	  at XCSJ.Collections.EnumerableExtension:ForeachLite <0x00090>
	  at XCSJ.Collections.EnumerableExtension:Foreach <0x00042>
	  at XCSJ.EditorCommonUtils.Preferences:Init <0x001da>
	  at System.Object:runtime_invoke_void <0x000d2>
	  at <unknown> <0xffffffff>
	  at System.Reflection.RuntimeMethodInfo:InternalInvoke <0x000af>
	  at System.Reflection.RuntimeMethodInfo:Invoke <0x0011a>
	  at System.Reflection.MethodBase:Invoke <0x0003d>
	  at UnityEditor.EditorAssemblies:ProcessInitializeOnLoadMethodAttributes <0x006ea>
	  at System.Object:runtime_invoke_void <0x00084>
=================================================================
[MODES] ModeService[none].Initialize
[MODES] ModeService[none].LoadModes
[MODES] Loading mode Default (0) for mode-current-id-ARFACE
<RI> Initialized touch support.
<RI> Initializing input.
<RI> Input initialized.
[ScriptCompilation] NOT recompiling all scripts because this is an import worker process. Reason to compile was: Define symbols changed
[ScriptCompilation] NOT recompiling all scripts because this is an import worker process. Reason to compile was: Define symbols changed
[ScriptCompilation] NOT recompiling all scripts because this is an import worker process. Reason to compile was: Define symbols changed
[ScriptCompilation] NOT recompiling all scripts because this is an import worker process. Reason to compile was: Define symbols changed
[ScriptCompilation] NOT recompiling all scripts because this is an import worker process. Reason to compile was: Define symbols changed
[ScriptCompilation] NOT recompiling all scripts because this is an import worker process. Reason to compile was: Define symbols changed
[ScriptCompilation] NOT recompiling all scripts because this is an import worker process. Reason to compile was: Define symbols changed
[ScriptCompilation] NOT recompiling all scripts because this is an import worker process. Reason to compile was: Define symbols changed
[ScriptCompilation] NOT recompiling all scripts because this is an import worker process. Reason to compile was: Define symbols changed
[ScriptCompilation] NOT recompiling all scripts because this is an import worker process. Reason to compile was: Define symbols changed
[ScriptCompilation] NOT recompiling all scripts because this is an import worker process. Reason to compile was: Define symbols changed
Mono: successfully reloaded assembly
- Completed reload, in 11.469 seconds
Domain Reload Profiling:
	ReloadAssembly (11470ms)
		BeginReloadAssembly (137ms)
			ExecutionOrderSort (0ms)
			DisableScriptedObjects (9ms)
			BackupInstance (0ms)
			ReleaseScriptingObjects (0ms)
			CreateAndSetChildDomain (25ms)
		EndReloadAssembly (11186ms)
			LoadAssemblies (102ms)
			RebuildTransferFunctionScriptingTraits (0ms)
			SetupTypeCache (511ms)
			ReleaseScriptCaches (1ms)
			RebuildScriptCaches (162ms)
			SetupLoadedEditorAssemblies (10369ms)
				LogAssemblyErrors (0ms)
				InitializePlatformSupportModulesInManaged (17ms)
				SetLoadedEditorAssemblies (1ms)
				RefreshPlugins (3ms)
				BeforeProcessingInitializeOnLoad (135ms)
				ProcessInitializeOnLoadAttributes (459ms)
				ProcessInitializeOnLoadMethodAttributes (9748ms)
				AfterProcessingInitializeOnLoad (6ms)
				EditorAssembliesLoaded (0ms)
			ExecutionOrderSort2 (0ms)
			AwakeInstancesAfterBackupRestoration (6ms)
Platform modules already initialized, skipping
========================================================================
Worker process is ready to serve import requests
Launched and connected shader compiler UnityShaderCompiler.exe after 0.05 seconds
Refreshing native plugins compatible for Editor in 1.19 ms, found 5 plugins.
Preloading 0 native plugins for Editor in 0.00 ms.
Unloading 5303 Unused Serialized files (Serialized files now loaded: 0)
Unloading 65 unused Assets / (364.8 KB). Loaded Objects now: 5871.
Memory consumption went from 191.1 MB to 190.7 MB.
Total: 8.122900 ms (FindLiveObjects: 0.425100 ms CreateObjectMapping: 0.178500 ms MarkObjects: 7.372700 ms  DeleteObjects: 0.145500 ms)

AssetImportParameters requested are different than current active one (requested -> active):
  custom:video-decoder-ogg-theora: a1e56fd34408186e4bbccfd4996cb3dc -> 
  custom:container-muxer-webm: aa71ff27fc2769a1b78a27578f13a17b -> 
  custom:container-demuxer-webm: 4f35f7cbe854078d1ac9338744f61a02 -> 
  custom:video-encoder-webm-vp8: eb34c28f22e8b96e1ab97ce403110664 -> 
  custom:audio-encoder-webm-vorbis: bf7c407c2cedff20999df2af8eb42d56 -> 
  custom:framework-win-MediaFoundation: 216162199b28c13a410421893ffa2e32 -> 
  custom:container-demuxer-ogg: 62fdf1f143b41e24485cea50d1cbac27 -> 
  custom:video-decoder-webm-vp8: 9c59270c3fd7afecdb556c50c9e8de78 -> 
  custom:audio-decoder-ogg-vorbis: bf7c407c2cedff20999df2af8eb42d56 -> 
========================================================================
Received Import Request.
  Time since last request: 791533.661714 seconds.
  path: Assets/AR
  artifactKey: Guid(0d570123787b2a54bac73ea3ee10edc8) Importer(815301076,1909f56bfc062723c751e8b465ee728b)
Start importing Assets/AR using Guid(0d570123787b2a54bac73ea3ee10edc8) Importer(815301076,1909f56bfc062723c751e8b465ee728b)  -> (artifact id: 'b201a019e993ec7ce4345f26a2a2cca9') in 0.019080 seconds 
========================================================================
Received Import Request.
  Time since last request: 10.957306 seconds.
  path: Assets/AR/001.mat
  artifactKey: Guid(7268916171d4b7f428f59b4a08fa868d) Importer(815301076,1909f56bfc062723c751e8b465ee728b)
Start importing Assets/AR/001.mat using Guid(7268916171d4b7f428f59b4a08fa868d) Importer(815301076,1909f56bfc062723c751e8b465ee728b)  -> (artifact id: '8374295e78f94fd49f0f235f259e367e') in 0.318275 seconds 
========================================================================
Received Import Request.
  Time since last request: 217.345583 seconds.
  path: Assets/AR/未标题-1.jpg
  artifactKey: Guid(50ee5c4eb7895f34c81610536fb19a55) Importer(815301076,1909f56bfc062723c751e8b465ee728b)
Start importing Assets/AR/未标题-1.jpg using Guid(50ee5c4eb7895f34c81610536fb19a55) Importer(815301076,1909f56bfc062723c751e8b465ee728b)  -> (artifact id: '060a0ea18467627ced314b4567b21f06') in 0.036869 seconds 
========================================================================
Received Import Request.
  Time since last request: 4.346496 seconds.
  path: Assets/AR/30.jpg
  artifactKey: Guid(738708f1a6013db498a2a12ba098b199) Importer(815301076,1909f56bfc062723c751e8b465ee728b)
Start importing Assets/AR/30.jpg using Guid(738708f1a6013db498a2a12ba098b199) Importer(815301076,1909f56bfc062723c751e8b465ee728b)  -> (artifact id: '157cb0141a87f111b53bdd1f25ba5103') in 0.021069 seconds 
========================================================================
Received Import Request.
  Time since last request: 37.485339 seconds.
  path: Assets/AR/002.jpg
  artifactKey: Guid(919c0ef13141ed049a4cc5821c38d7d3) Importer(815301076,1909f56bfc062723c751e8b465ee728b)
Start importing Assets/AR/002.jpg using Guid(919c0ef13141ed049a4cc5821c38d7d3) Importer(815301076,1909f56bfc062723c751e8b465ee728b)  -> (artifact id: '6a4c474b3f96614b026d735eb0afa77e') in 0.019990 seconds 
========================================================================
Received Import Request.
  Time since last request: 11.332609 seconds.
  path: Assets/AR/000.jpg
  artifactKey: Guid(50ee5c4eb7895f34c81610536fb19a55) Importer(815301076,1909f56bfc062723c751e8b465ee728b)
Start importing Assets/AR/000.jpg using Guid(50ee5c4eb7895f34c81610536fb19a55) Importer(815301076,1909f56bfc062723c751e8b465ee728b)  -> (artifact id: '576d663a04ba507fe5c5eae8eb670ff2') in 0.017605 seconds 
========================================================================
Received Import Request.
  Time since last request: 6.034074 seconds.
  path: Assets/AR/001.jpg
  artifactKey: Guid(738708f1a6013db498a2a12ba098b199) Importer(815301076,1909f56bfc062723c751e8b465ee728b)
Start importing Assets/AR/001.jpg using Guid(738708f1a6013db498a2a12ba098b199) Importer(815301076,1909f56bfc062723c751e8b465ee728b)  -> (artifact id: '6dbe2c4e51a8e8f4509cd1eeff53077c') in 0.024544 seconds 
========================================================================
Received Import Request.
  Time since last request: 5.905730 seconds.
  path: Assets/AR/000.mat
  artifactKey: Guid(7268916171d4b7f428f59b4a08fa868d) Importer(815301076,1909f56bfc062723c751e8b465ee728b)
Start importing Assets/AR/000.mat using Guid(7268916171d4b7f428f59b4a08fa868d) Importer(815301076,1909f56bfc062723c751e8b465ee728b)  -> (artifact id: 'cf8fe84e96ee4f2fb3d753097286537f') in 0.016016 seconds 
========================================================================
Received Import Request.
  Time since last request: 17.322512 seconds.
  path: Assets/AR/New Flare.flare
  artifactKey: Guid(efc32058ac937c648af87459489ce6f8) Importer(815301076,1909f56bfc062723c751e8b465ee728b)
Start importing Assets/AR/New Flare.flare using Guid(efc32058ac937c648af87459489ce6f8) Importer(815301076,1909f56bfc062723c751e8b465ee728b)  -> (artifact id: 'ee85c27327e60a0b735c67eeab2c6b63') in 0.008232 seconds 
========================================================================
Received Import Request.
  Time since last request: 8.769861 seconds.
  path: Assets/AR/New Material.mat
  artifactKey: Guid(a1c97a6ecee45944b9f0d7124b96b63d) Importer(815301076,1909f56bfc062723c751e8b465ee728b)
Start importing Assets/AR/New Material.mat using Guid(a1c97a6ecee45944b9f0d7124b96b63d) Importer(815301076,1909f56bfc062723c751e8b465ee728b)  -> (artifact id: '7c0272906f6a5eab82ffdf80457edf3e') in 0.016163 seconds 
========================================================================
Received Import Request.
  Time since last request: 3.920258 seconds.
  path: Assets/AR/002.mat
  artifactKey: Guid(d2544bbb0b5fccc41b21a9694248aaed) Importer(815301076,1909f56bfc062723c751e8b465ee728b)
Start importing Assets/AR/002.mat using Guid(d2544bbb0b5fccc41b21a9694248aaed) Importer(815301076,1909f56bfc062723c751e8b465ee728b)  -> (artifact id: 'be8400ca3f6f6e427e1b61fd16c68866') in 0.015666 seconds 
========================================================================
Received Import Request.
  Time since last request: 10.117338 seconds.
  path: Assets/AR/001.mat
  artifactKey: Guid(a1c97a6ecee45944b9f0d7124b96b63d) Importer(815301076,1909f56bfc062723c751e8b465ee728b)
Start importing Assets/AR/001.mat using Guid(a1c97a6ecee45944b9f0d7124b96b63d) Importer(815301076,1909f56bfc062723c751e8b465ee728b)  -> (artifact id: '164bd6129d035955a2c038a389315faa') in 0.017390 seconds 
